<?xml version="1.0" encoding="UTF-8"?>
<robot generator="Robot 6.1.1 (Python 3.12.1 on win32)" generated="20240430 19:54:37.419" rpa="false" schemaversion="4">
<suite id="s1" name="Player" source="C:\QAx\projects\parodify-robot\player.robot">
<test id="s1-t1" name="Deve tocar uma musica" line="8">
<kw name="Start session" type="SETUP">
<kw name="New Browser" library="Browser">
<arg>browser=chromium</arg>
<arg>headless=False</arg>
<tag>BrowserControl</tag>
<tag>Setter</tag>
<doc>Create a new playwright Browser with specified options.</doc>
<msg timestamp="20240430 19:54:38.269" level="INFO">{"browser": "chromium", "headless": false, "chromiumSandbox": false, "devtools": false, "handleSIGHUP": true, "handleSIGINT": true, "handleSIGTERM": true, "slowMo": 0.0, "timeout": 30000.0, "tracesDir": "C:\\QAx\\projects\\parodify-robot\\logs\\browser\\traces\\7d5e39cc-e96d-4bca-b879-7e07dbd9b162"}</msg>
<msg timestamp="20240430 19:54:39.170" level="INFO">Successfully created browser with options: {"browser":"chromium","headless":false,"chromiumSandbox":false,"devtools":false,"handleSIGHUP":true,"handleSIGINT":true,"handleSIGTERM":true,"slowMo":0,"timeout":30000,"tracesDir":"C:\\QAx\\projects\\parodify-robot\\logs\\browser\\traces\\7d5e39cc-e96d-4bca-b879-7e07dbd9b162"}</msg>
<status status="PASS" starttime="20240430 19:54:38.269" endtime="20240430 19:54:39.170"/>
</kw>
<kw name="New Page" library="Browser">
<arg>about:black</arg>
<tag>BrowserControl</tag>
<tag>Setter</tag>
<doc>Open a new Page.</doc>
<msg timestamp="20240430 19:54:39.600" level="INFO">Successfully initialized new page object and opened url: about:black</msg>
<msg timestamp="20240430 19:54:39.600" level="INFO">No context was open. New context was automatically opened when this page is created.</msg>
<status status="PASS" starttime="20240430 19:54:39.170" endtime="20240430 19:54:39.600"/>
</kw>
<status status="PASS" starttime="20240430 19:54:38.268" endtime="20240430 19:54:39.601"/>
</kw>
<kw name="Set Variable" library="BuiltIn">
<var>${song_name}</var>
<arg>Smells like Test Script</arg>
<doc>Returns the given values which can then be assigned to a variables.</doc>
<msg timestamp="20240430 19:54:39.602" level="INFO">${song_name} = Smells like Test Script</msg>
<status status="PASS" starttime="20240430 19:54:39.601" endtime="20240430 19:54:39.602"/>
</kw>
<kw name="Mock My Song" library="Browser">
<doc>TODO: Add rfdoc string to exposed function to create documentation</doc>
<msg timestamp="20240430 19:54:39.616" level="INFO">ok</msg>
<status status="PASS" starttime="20240430 19:54:39.602" endtime="20240430 19:54:39.616"/>
</kw>
<kw name="Go To" library="Browser">
<arg>https://parodify.vercel.app</arg>
<tag>BrowserControl</tag>
<tag>Setter</tag>
<doc>Navigates to the given ``url``.</doc>
<msg timestamp="20240430 19:54:41.840" level="INFO">Successfully opened URL https://parodify.vercel.app</msg>
<status status="PASS" starttime="20240430 19:54:39.617" endtime="20240430 19:54:41.841"/>
</kw>
<kw name="Get Text" library="Browser">
<arg>css=.logged-user</arg>
<arg>contains</arg>
<arg>Fernando Papito</arg>
<tag>Assertion</tag>
<tag>Getter</tag>
<tag>PageContent</tag>
<doc>Returns text attribute of the element found by ``selector``.</doc>
<msg timestamp="20240430 19:54:41.905" level="INFO">Text: 'Fernando Papito'</msg>
<status status="PASS" starttime="20240430 19:54:41.842" endtime="20240430 19:54:41.905"/>
</kw>
<kw name="Get play button">
<var>${play}</var>
<arg>${song_name}</arg>
<kw name="Set Variable" library="BuiltIn">
<var>${play}</var>
<arg>xpath=//div[contains(@class, "song")]//h6[text()="${song_name}"]/..//button[contains(@class, "play")]</arg>
<doc>Returns the given values which can then be assigned to a variables.</doc>
<msg timestamp="20240430 19:54:41.907" level="INFO">${play} = xpath=//div[contains(@class, "song")]//h6[text()="Smells like Test Script"]/..//button[contains(@class, "play")]</msg>
<status status="PASS" starttime="20240430 19:54:41.906" endtime="20240430 19:54:41.907"/>
</kw>
<return>
<value>${play}</value>
<status status="PASS" starttime="20240430 19:54:41.907" endtime="20240430 19:54:41.907"/>
</return>
<msg timestamp="20240430 19:54:41.907" level="INFO">${play} = xpath=//div[contains(@class, "song")]//h6[text()="Smells like Test Script"]/..//button[contains(@class, "play")]</msg>
<status status="PASS" starttime="20240430 19:54:41.906" endtime="20240430 19:54:41.907"/>
</kw>
<kw name="Get pause button">
<var>${pause}</var>
<arg>${song_name}</arg>
<kw name="Set Variable" library="BuiltIn">
<var>${pause}</var>
<arg>xpath=//div[contains(@class, "song")]//h6[text()="${song_name}"]/..//button[contains(@class, "pause")]</arg>
<doc>Returns the given values which can then be assigned to a variables.</doc>
<msg timestamp="20240430 19:54:41.907" level="INFO">${pause} = xpath=//div[contains(@class, "song")]//h6[text()="Smells like Test Script"]/..//button[contains(@class, "pause")]</msg>
<status status="PASS" starttime="20240430 19:54:41.907" endtime="20240430 19:54:41.907"/>
</kw>
<return>
<value>${pause}</value>
<status status="PASS" starttime="20240430 19:54:41.907" endtime="20240430 19:54:41.907"/>
</return>
<msg timestamp="20240430 19:54:41.907" level="INFO">${pause} = xpath=//div[contains(@class, "song")]//h6[text()="Smells like Test Script"]/..//button[contains(@class, "pause")]</msg>
<status status="PASS" starttime="20240430 19:54:41.907" endtime="20240430 19:54:41.907"/>
</kw>
<kw name="Click" library="Browser">
<arg>${play}</arg>
<tag>PageContent</tag>
<tag>Setter</tag>
<doc>Simulates mouse click on the element found by ``selector``.</doc>
<msg timestamp="20240430 19:54:52.111" level="INFO" html="true">&lt;/td&gt;&lt;/tr&gt;&lt;tr&gt;&lt;td colspan="3"&gt;&lt;a href="browser/screenshot/fail-screenshot-1.png" target="_blank"&gt;&lt;img src="browser/screenshot/fail-screenshot-1.png" width="800px"/&gt;&lt;/a&gt;</msg>
<msg timestamp="20240430 19:54:52.111" level="INFO">See also file:///C:/QAx/projects/parodify-robot/logs/playwright-log.txt for additional details.</msg>
<msg timestamp="20240430 19:54:52.111" level="FAIL">Error: locator.click: Timeout 10000ms exceeded.
Call log:
  [2m- waiting for locator('//div[contains(@class, "song")]//h6[text()="Smells like Test Script"]/..//button[contains(@class, "play")]')[22m

Tip: Use "Set Browser Timeout" for increasing the timeout or double check your locator as the targeted element(s) couldn't be found.</msg>
<status status="FAIL" starttime="20240430 19:54:41.908" endtime="20240430 19:54:52.115"/>
</kw>
<kw name="Wait For Elements State" library="Browser">
<arg>${pause}</arg>
<arg>visible</arg>
<arg>2</arg>
<tag>PageContent</tag>
<tag>Wait</tag>
<doc>Waits for the element found by ``selector`` to satisfy state option.</doc>
<status status="NOT RUN" starttime="20240430 19:54:52.116" endtime="20240430 19:54:52.116"/>
</kw>
<kw name="Wait For Elements State" library="Browser">
<arg>${play}</arg>
<arg>visible</arg>
<arg>7</arg>
<tag>PageContent</tag>
<tag>Wait</tag>
<doc>Waits for the element found by ``selector`` to satisfy state option.</doc>
<status status="NOT RUN" starttime="20240430 19:54:52.117" endtime="20240430 19:54:52.117"/>
</kw>
<kw name="Finish session" type="TEARDOWN">
<kw name="Take Screenshot" library="Browser">
<tag>PageContent</tag>
<doc>Takes a screenshot of the current window or element and saves it to disk.</doc>
<msg timestamp="20240430 19:54:52.263" level="INFO" html="true">&lt;/td&gt;&lt;/tr&gt;&lt;tr&gt;&lt;td colspan="3"&gt;&lt;a href="browser/screenshot/robotframework-browser-screenshot-1.png" target="_blank"&gt;&lt;img src="browser/screenshot/robotframework-browser-screenshot-1.png" width="800px"/&gt;&lt;/a&gt;</msg>
<status status="PASS" starttime="20240430 19:54:52.118" endtime="20240430 19:54:52.263"/>
</kw>
<status status="PASS" starttime="20240430 19:54:52.118" endtime="20240430 19:54:52.263"/>
</kw>
<status status="FAIL" starttime="20240430 19:54:38.266" endtime="20240430 19:54:52.264">Error: locator.click: Timeout 10000ms exceeded.
Call log:
  [2m- waiting for locator('//div[contains(@class, "song")]//h6[text()="Smells like Test Script"]/..//button[contains(@class, "play")]')[22m

Tip: Use "Set Browser Timeout" for increasing the timeout or double check your locator as the targeted element(s) couldn't be found.</status>
</test>
<status status="FAIL" starttime="20240430 19:54:37.420" endtime="20240430 19:54:52.357"/>
</suite>
<statistics>
<total>
<stat pass="0" fail="1" skip="0">All Tests</stat>
</total>
<tag>
</tag>
<suite>
<stat pass="0" fail="1" skip="0" id="s1" name="Player">Player</stat>
</suite>
</statistics>
<errors>
</errors>
</robot>
