<?xml version="1.0" encoding="UTF-8"?>
<robot generator="Robot 6.1.1 (Python 3.12.1 on win32)" generated="20240430 16:36:05.064" rpa="false" schemaversion="4">
<suite id="s1" name="Player" source="C:\QAx\projects\parodify-robot\player.robot">
<test id="s1-t1" name="Deve tocar uma musica" line="5">
<kw name="New Browser" library="Browser">
<arg>browser=chromium</arg>
<arg>headless=False</arg>
<tag>BrowserControl</tag>
<tag>Setter</tag>
<doc>Create a new playwright Browser with specified options.</doc>
<msg timestamp="20240430 16:36:06.714" level="INFO">{"browser": "chromium", "headless": false, "chromiumSandbox": false, "devtools": false, "handleSIGHUP": true, "handleSIGINT": true, "handleSIGTERM": true, "slowMo": 0.0, "timeout": 30000.0, "tracesDir": "C:\\QAx\\projects\\parodify-robot\\logs\\browser\\traces\\157711b8-ea1d-4078-9505-1662339c98c2"}</msg>
<msg timestamp="20240430 16:36:07.776" level="INFO">Successfully created browser with options: {"browser":"chromium","headless":false,"chromiumSandbox":false,"devtools":false,"handleSIGHUP":true,"handleSIGINT":true,"handleSIGTERM":true,"slowMo":0,"timeout":30000,"tracesDir":"C:\\QAx\\projects\\parodify-robot\\logs\\browser\\traces\\157711b8-ea1d-4078-9505-1662339c98c2"}</msg>
<status status="PASS" starttime="20240430 16:36:06.714" endtime="20240430 16:36:07.776"/>
</kw>
<kw name="New Page" library="Browser">
<arg>https://parodify.vercel.app</arg>
<tag>BrowserControl</tag>
<tag>Setter</tag>
<doc>Open a new Page.</doc>
<msg timestamp="20240430 16:36:13.033" level="INFO">Successfully initialized new page object and opened url: https://parodify.vercel.app</msg>
<msg timestamp="20240430 16:36:13.033" level="INFO">No context was open. New context was automatically opened when this page is created.</msg>
<status status="PASS" starttime="20240430 16:36:07.793" endtime="20240430 16:36:13.033"/>
</kw>
<kw name="Get Text" library="Browser">
<arg>css=.logged-user</arg>
<arg>contains</arg>
<arg>Fernando Papito</arg>
<tag>Assertion</tag>
<tag>Getter</tag>
<tag>PageContent</tag>
<doc>Returns text attribute of the element found by ``selector``.</doc>
<msg timestamp="20240430 16:36:13.121" level="INFO">Text: 'Fernando Papito'</msg>
<status status="PASS" starttime="20240430 16:36:13.034" endtime="20240430 16:36:13.121"/>
</kw>
<kw name="Set Variable" library="BuiltIn">
<var>${play}</var>
<arg>xpath=//div[contains(@class, "song")]//h6[text()="Bughium"]/..//button[contains(@class, "play")]</arg>
<doc>Returns the given values which can then be assigned to a variables.</doc>
<msg timestamp="20240430 16:36:13.123" level="INFO">${play} = xpath=//div[contains(@class, "song")]//h6[text()="Bughium"]/..//button[contains(@class, "play")]</msg>
<status status="PASS" starttime="20240430 16:36:13.123" endtime="20240430 16:36:13.123"/>
</kw>
<kw name="Set Variable" library="BuiltIn">
<var>${pause}</var>
<arg>xpath=//div[contains(@class, "song")]//h6[text()="Bughium"]/..//button[contains(@class, "pause")]</arg>
<doc>Returns the given values which can then be assigned to a variables.</doc>
<msg timestamp="20240430 16:36:13.123" level="INFO">${pause} = xpath=//div[contains(@class, "song")]//h6[text()="Bughium"]/..//button[contains(@class, "pause")]</msg>
<status status="PASS" starttime="20240430 16:36:13.123" endtime="20240430 16:36:13.123"/>
</kw>
<kw name="Click" library="Browser">
<arg>${play}</arg>
<tag>PageContent</tag>
<tag>Setter</tag>
<doc>Simulates mouse click on the element found by ``selector``.</doc>
<status status="PASS" starttime="20240430 16:36:13.123" endtime="20240430 16:36:13.213"/>
</kw>
<kw name="Wait For Elements State" library="Browser">
<arg>${pause}</arg>
<arg>visible</arg>
<arg>2</arg>
<tag>PageContent</tag>
<tag>Wait</tag>
<doc>Waits for the element found by ``selector`` to satisfy state option.</doc>
<msg timestamp="20240430 16:36:14.044" level="INFO">Waited for Element with selector xpath=//div[contains(@class, "song")]//h6[text()="Bughium"]/..//button[contains(@class, "pause")] at state visible</msg>
<status status="PASS" starttime="20240430 16:36:13.213" endtime="20240430 16:36:14.044"/>
</kw>
<kw name="Sleep" library="BuiltIn">
<arg>5</arg>
<doc>Pauses the test executed for the given time.</doc>
<msg timestamp="20240430 16:36:19.045" level="INFO">Slept 5 seconds</msg>
<status status="PASS" starttime="20240430 16:36:14.044" endtime="20240430 16:36:19.045"/>
</kw>
<status status="PASS" starttime="20240430 16:36:06.708" endtime="20240430 16:36:19.046"/>
</test>
<status status="PASS" starttime="20240430 16:36:05.066" endtime="20240430 16:36:19.151"/>
</suite>
<statistics>
<total>
<stat pass="1" fail="0" skip="0">All Tests</stat>
</total>
<tag>
</tag>
<suite>
<stat pass="1" fail="0" skip="0" id="s1" name="Player">Player</stat>
</suite>
</statistics>
<errors>
</errors>
</robot>
